<?xml version="1.0" encoding="UTF-8"?>
<!-- Generated by org.testng.reporters.JUnitReportReporter -->
<testsuite skipped="0" hostname="Er-Kamil-Computer" name="TestNG_Package.AllAnnotations" tests="3" failures="0" timestamp="07 Mar 2020 17:36:30 GMT" time="0.015" errors="0">
  <testcase name="printA" time="0.008" classname="TestNG_Package.AllAnnotations"/>
  <testcase name="printB" time="0.003" classname="TestNG_Package.AllAnnotations"/>
  <testcase name="printA" time="0.004" classname="TestNG_Package.AllAnnotations"/>
</testsuite> <!-- TestNG_Package.AllAnnotations -->
