<?xml version="1.0" encoding="UTF-8"?>
<!-- Generated by org.testng.reporters.JUnitReportReporter -->
<testsuite skipped="0" hostname="Er-Kamil-Computer" name="TestNG_Package.PrintB" tests="1" failures="0" timestamp="08 Mar 2020 18:51:33 GMT" time="0.015" errors="0">
  <testcase name="printA" time="0.015" classname="TestNG_Package.PrintB"/>
</testsuite> <!-- TestNG_Package.PrintB -->
