<?xml version="1.0" encoding="UTF-8"?>
<!-- Generated by org.testng.reporters.JUnitReportReporter -->
<testsuite skipped="0" hostname="Er-Kamil-Computer" name="TestNG_Package.CrossBrowserTesting" tests="1" failures="0" timestamp="15 Dec 2019 08:33:41 GMT" time="69.713" errors="0">
  <testcase name="testLogin" time="69.713" classname="TestNG_Package.CrossBrowserTesting"/>
</testsuite> <!-- TestNG_Package.CrossBrowserTesting -->
