<?xml version="1.0" encoding="UTF-8"?>
<!-- Generated by org.testng.reporters.JUnitReportReporter -->
<testsuite skipped="0" hostname="Er-Kamil-Computer" name="TestNG_Package.ModuleWiseExecutionDemo" tests="2" failures="0" timestamp="29 Mar 2020 11:27:17 GMT" time="0.020" errors="0">
  <testcase name="deleteUser" time="0.016" classname="TestNG_Package.ModuleWiseExecutionDemo"/>
  <testcase name="editUser" time="0.004" classname="TestNG_Package.ModuleWiseExecutionDemo"/>
</testsuite> <!-- TestNG_Package.ModuleWiseExecutionDemo -->
